TN:
SF:app.js
FN:11,(anonymous_0)
FN:17,(anonymous_1)
FNF:2
FNH:1
FNDA:0,(anonymous_0)
FNDA:1,(anonymous_1)
DA:3,1
DA:4,1
DA:8,1
DA:9,1
DA:11,1
DA:12,0
DA:15,1
DA:17,1
DA:18,1
LF:9
LH:8
BRF:0
BRH:0
end_of_record
TN:
SF:controllers/auth.controller.js
FN:3,(anonymous_0)
FN:9,(anonymous_1)
FNF:2
FNH:1
FNDA:0,(anonymous_0)
FNDA:1,(anonymous_1)
DA:3,1
DA:6,0
DA:9,1
DA:11,1
DA:13,1
DA:14,1
DA:17,1
LF:7
LH:6
BRF:0
BRH:0
end_of_record
TN:
SF:routes/auth.route.js
FNF:0
FNH:0
DA:4,1
DA:6,1
DA:7,1
LF:3
LH:3
BRF:0
BRH:0
end_of_record
